  SD3.cpp
C:\Users\User\source\repos\SD3\SD3\SD3.cpp(73,23): warning C4244: 'initializing': conversion from '_Rep' to 'unsigned int', possible loss of data
          with
          [
              _Rep=__int64
          ]
C:\Users\User\source\repos\SD3\SD3\SD3.cpp(82,43): warning C4267: 'argument': conversion from 'size_t' to 'int', possible loss of data
C:\Users\User\source\repos\SD3\SD3\SD3.cpp(98,47): warning C4267: 'argument': conversion from 'size_t' to 'int', possible loss of data
C:\Users\User\source\repos\SD3\SD3\SD3.cpp(101,68): warning C4244: '+=': conversion from '_Rep' to 'int', possible loss of data
          with
          [
              _Rep=__int64
          ]
C:\Users\User\source\repos\SD3\SD3\SD3.cpp(109,47): warning C4267: 'argument': conversion from 'size_t' to 'int', possible loss of data
C:\Users\User\source\repos\SD3\SD3\SD3.cpp(112,68): warning C4244: '+=': conversion from '_Rep' to 'int', possible loss of data
          with
          [
              _Rep=__int64
          ]
  SD3.vcxproj -> C:\Users\User\source\repos\SD3\x64\Debug\SD3.exe
